


ARM Macro Assembler    Page 1 


    1 00000000         ;****************** Lab2.s ***************
    2 00000000         ; Program written by: put your names here
    3 00000000         ; Date Created: 6/5/2016 
    4 00000000         ; Last Modified: 6/5/2016 
    5 00000000         ; Brief description of the program
    6 00000000         ;   If the switch is pressed, the LED toggles at 8 Hz
    7 00000000         ;   8 Hz implies 8 cycles per second. A cycle is "one ON
                        and one OFF"
    8 00000000         ;      - - - - - - - - 
    9 00000000         ;      1010101010101010
   10 00000000         ;      <-    1sec    -> 
   11 00000000         ; Hardware connections
   12 00000000         ;  PE0 is switch input  (1 means pressed, 0 means not pr
                       essed --- Positive Logic)
   13 00000000         ;  PE1 is LED output    (1 turns ON external LED   --- P
                       ositive Logic) 
   14 00000000         ; Operation
   15 00000000         ; 1) Make PE1 an output and make PE0 an input. 
   16 00000000         ; 2) The system starts with the LED on (make PE1 = 1). 
   17 00000000         ;   3) Wait about 1/16th of a second
   18 00000000         ;   4) If the switch is pressed (PE0 is 1), then toggle 
                       the LED once, else turn the LED on. 
   19 00000000         ;   5) Steps 3 and 4 are repeated over and over
   20 00000000         ; Notes:
   21 00000000         ;   * Switch is interfaced using positive logic with ext
                       ernal pull-down resistor, so
   22 00000000         ;     there is no need to engage the internal pull-down.
                       
   23 00000000         ;   * LED current draw is >10mA, so it needs an external
                        driver(7406) 
   24 00000000         
   25 00000000 400243FC 
                       GPIO_PORTE_DATA_R
                               EQU              0x400243FC
   26 00000000 40024400 
                       GPIO_PORTE_DIR_R
                               EQU              0x40024400
   27 00000000 40024420 
                       GPIO_PORTE_AFSEL_R
                               EQU              0x40024420
   28 00000000 4002451C 
                       GPIO_PORTE_DEN_R
                               EQU              0x4002451C
   29 00000000 40024528 
                       GPIO_PORTE_AMSEL_R
                               EQU              0x40024528
   30 00000000 4002452C 
                       GPIO_PORTE_PCTL_R
                               EQU              0x4002452C
   31 00000000 400FE108 
                       SYSCTL_RCGC2_R
                               EQU              0x400FE108
   32 00000000 00028A7C 
                       DELAYTIME
                               EQU              0x00028A7C
   33 00000000         
   34 00000000                 AREA             |.text|, CODE, READONLY, ALIGN=
2
   35 00000000                 THUMB



ARM Macro Assembler    Page 2 


   36 00000000                 EXPORT           Start
   37 00000000         
   38 00000000         Start                                ;Set Port E
   39 00000000 481A            LDR              R0, =SYSCTL_RCGC2_R
   40 00000002 6801            LDR              R1, [R0]
   41 00000004 F041 0110       ORR              R1, #0x10
   42 00000008 6001            STR              R1, [R0]
   43 0000000A         ;Delay
   44 0000000A BF00            NOP
   45 0000000C BF00            NOP
   46 0000000E         ;Set DIR register
   47 0000000E 4818            LDR              R0, =GPIO_PORTE_DIR_R
   48 00000010 6801            LDR              R1, [R0]
   49 00000012 F001 01FE       AND              R1, #0xFE
   50 00000016 F041 0102       ORR              R1, #0x02
   51 0000001A 6001            STR              R1, [R0]
   52 0000001C         ;Turn off alt funct
   53 0000001C 4815            LDR              R0, =GPIO_PORTE_AFSEL_R
   54 0000001E 6801            LDR              R1, [R0]
   55 00000020 F001 01FC       AND              R1, #0xFC
   56 00000024 6001            STR              R1, [R0]
   57 00000026         ;Turn on Digital Enable
   58 00000026 4814            LDR              R0, =GPIO_PORTE_DEN_R
   59 00000028 6801            LDR              R1, [R0]
   60 0000002A F041 0103       ORR              R1, #0x03
   61 0000002E 6001            STR              R1, [R0]
   62 00000030         ;Turn PE1 on
   63 00000030 4812            LDR              R0, =GPIO_PORTE_DATA_R
   64 00000032 6801            LDR              R1, [R0]
   65 00000034 F041 0102       ORR              R1, #0x02
   66 00000038 6001            STR              R1, [R0]
   67 0000003A         ;Set Delay Length
   68 0000003A 4B11            LDR              R3, =DELAYTIME
   69 0000003C         LOOP
   70 0000003C F000 F80F       BL               DELAY       ;Wait 1/16th sec
   71 00000040 6801            LDR              R1, [R0]    ;Update the switch
   72 00000042 F001 0201       AND              R2, R1, #0x01 ;Isolate switch
   73 00000046 2A00            CMP              R2, #0
   74 00000048 D005            BEQ              SWOFF
   75 0000004A EA4F 0242       LSL              R2, R2, #0x01 ;Shift left to pi
                                                            n 1
   76 0000004E EA81 0102       EOR              R1, R1, R2  ;Toggles Led if swi
                                                            tch is on
   77 00000052 6001            STR              R1, [R0]    ;Store back into Da
                                                            ta register
   78 00000054 E7F2            B                LOOP
   79 00000056 F04F 0102 
                       SWOFF   MOV              R1, #0x02
   80 0000005A 6001            STR              R1, [R0]
   81 0000005C E7EE            B                LOOP
   82 0000005E         
   83 0000005E         ;; Delay subroutine here
   84 0000005E 2B00    DELAY   CMP              R3, #0
   85 00000060 D002    e       BEQ              DONE
   86 00000062 F1A3 0301       SUB              R3, #1
   87 00000066 E7FA            B                DELAY
   88 00000068 4B05    DONE    LDR              R3, =DELAYTIME ;Reset delay cou
                                                            nter
   89 0000006A 4770            BX               LR



ARM Macro Assembler    Page 3 


   90 0000006C         
   91 0000006C                 ALIGN                        ; make sure the end
                                                             of this section is
                                                             aligned
   92 0000006C                 END                          ; end of file
              400FE108 
              40024400 
              40024420 
              4002451C 
              400243FC 
              00028A7C 
Command Line: --debug --xref --cpu=Cortex-M4 --apcs=interwork --depend=.\lab2.d
 -o.\lab2.o -IC:\Keil\ARM\RV31\INC -IC:\Keil\ARM\CMSIS\Include -IC:\Keil\ARM\In
c\Luminary --predefine="__EVAL SETA 1" --list=.\lab2.lst Lab2.s



ARM Macro Assembler    Page 1 Alphabetic symbol ordering
Relocatable symbols

.text 00000000

Symbol: .text
   Definitions
      At line 34 in file Lab2.s
   Uses
      None
Comment: .text unused
DELAY 0000005E

Symbol: DELAY
   Definitions
      At line 84 in file Lab2.s
   Uses
      At line 70 in file Lab2.s
      At line 87 in file Lab2.s

DONE 00000068

Symbol: DONE
   Definitions
      At line 88 in file Lab2.s
   Uses
      At line 85 in file Lab2.s
Comment: DONE used once
LOOP 0000003C

Symbol: LOOP
   Definitions
      At line 69 in file Lab2.s
   Uses
      At line 78 in file Lab2.s
      At line 81 in file Lab2.s

SWOFF 00000056

Symbol: SWOFF
   Definitions
      At line 79 in file Lab2.s
   Uses
      At line 74 in file Lab2.s
Comment: SWOFF used once
Start 00000000

Symbol: Start
   Definitions
      At line 38 in file Lab2.s
   Uses
      At line 36 in file Lab2.s
Comment: Start used once
e 00000060

Symbol: e
   Definitions
      At line 85 in file Lab2.s
   Uses
      None
Comment: e unused
7 symbols



ARM Macro Assembler    Page 1 Alphabetic symbol ordering
Absolute symbols

DELAYTIME 00028A7C

Symbol: DELAYTIME
   Definitions
      At line 32 in file Lab2.s
   Uses
      At line 68 in file Lab2.s
      At line 88 in file Lab2.s

GPIO_PORTE_AFSEL_R 40024420

Symbol: GPIO_PORTE_AFSEL_R
   Definitions
      At line 27 in file Lab2.s
   Uses
      At line 53 in file Lab2.s
Comment: GPIO_PORTE_AFSEL_R used once
GPIO_PORTE_AMSEL_R 40024528

Symbol: GPIO_PORTE_AMSEL_R
   Definitions
      At line 29 in file Lab2.s
   Uses
      None
Comment: GPIO_PORTE_AMSEL_R unused
GPIO_PORTE_DATA_R 400243FC

Symbol: GPIO_PORTE_DATA_R
   Definitions
      At line 25 in file Lab2.s
   Uses
      At line 63 in file Lab2.s
Comment: GPIO_PORTE_DATA_R used once
GPIO_PORTE_DEN_R 4002451C

Symbol: GPIO_PORTE_DEN_R
   Definitions
      At line 28 in file Lab2.s
   Uses
      At line 58 in file Lab2.s
Comment: GPIO_PORTE_DEN_R used once
GPIO_PORTE_DIR_R 40024400

Symbol: GPIO_PORTE_DIR_R
   Definitions
      At line 26 in file Lab2.s
   Uses
      At line 47 in file Lab2.s
Comment: GPIO_PORTE_DIR_R used once
GPIO_PORTE_PCTL_R 4002452C

Symbol: GPIO_PORTE_PCTL_R
   Definitions
      At line 30 in file Lab2.s
   Uses
      None
Comment: GPIO_PORTE_PCTL_R unused
SYSCTL_RCGC2_R 400FE108




ARM Macro Assembler    Page 2 Alphabetic symbol ordering
Absolute symbols

Symbol: SYSCTL_RCGC2_R
   Definitions
      At line 31 in file Lab2.s
   Uses
      At line 39 in file Lab2.s
Comment: SYSCTL_RCGC2_R used once
8 symbols
348 symbols in table
