


ARM Macro Assembler    Page 1 


    1 00000000         ;****************** Lab2.s ***************
    2 00000000         ; Program written by: put your names here
    3 00000000         ; Date Created: 6/5/2016 
    4 00000000         ; Last Modified: 6/5/2016 
    5 00000000         ; Brief description of the program
    6 00000000         ;   If the switch is pressed, the LED toggles at 8 Hz
    7 00000000         ;   8 Hz implies 8 cycles per second. A cycle is "one ON
                        and one OFF"
    8 00000000         ;      - - - - - - - - 
    9 00000000         ;      1010101010101010
   10 00000000         ;      <-    1sec    -> 
   11 00000000         ; Hardware connections
   12 00000000         ;  PE0 is switch input  (1 means pressed, 0 means not pr
                       essed --- Positive Logic)
   13 00000000         ;  PE1 is LED output    (1 turns ON external LED   --- P
                       ositive Logic) 
   14 00000000         ; Operation
   15 00000000         ; 1) Make PE1 an output and make PE0 an input. 
   16 00000000         ; 2) The system starts with the LED on (make PE1 = 1). 
   17 00000000         ;   3) Wait about 1/16th of a second
   18 00000000         ;   4) If the switch is pressed (PE0 is 1), then toggle 
                       the LED once, else turn the LED on. 
   19 00000000         ;   5) Steps 3 and 4 are repeated over and over
   20 00000000         ; Notes:
   21 00000000         ;   * Switch is interfaced using positive logic with ext
                       ernal pull-down resistor, so
   22 00000000         ;     there is no need to engage the internal pull-down.
                       
   23 00000000         ;   * LED current draw is >10mA, so it needs an external
                        driver(7406) 
   24 00000000         
   25 00000000 400243FC 
                       GPIO_PORTE_DATA_R
                               EQU              0x400243FC
   26 00000000 40024400 
                       GPIO_PORTE_DIR_R
                               EQU              0x40024400
   27 00000000 40024420 
                       GPIO_PORTE_AFSEL_R
                               EQU              0x40024420
   28 00000000 4002451C 
                       GPIO_PORTE_DEN_R
                               EQU              0x4002451C
   29 00000000 40024528 
                       GPIO_PORTE_AMSEL_R
                               EQU              0x40024528
   30 00000000 4002452C 
                       GPIO_PORTE_PCTL_R
                               EQU              0x4002452C
   31 00000000 400FE108 
                       SYSCTL_RCGC2_R
                               EQU              0x400FE108
   32 00000000 0005867C 
                       DELAYTIME
                               EQU              0x0005867C
   33 00000000         
   34 00000000                 AREA             |.text|, CODE, READONLY, ALIGN=
2
   35 00000000                 THUMB



ARM Macro Assembler    Page 2 


   36 00000000                 EXPORT           Start
   37 00000000         
   38 00000000         Start                                ;Set Port E
   39 00000000 4820            LDR              R0, =SYSCTL_RCGC2_R
   40 00000002 6801            LDR              R1, [R0]
   41 00000004 F041 0110       ORR              R1, #0x10
   42 00000008 6001            STR              R1, [R0]
   43 0000000A         ;Delay
   44 0000000A BF00            NOP
   45 0000000C BF00            NOP
   46 0000000E         ;Set DIR register
   47 0000000E 481E            LDR              R0, =GPIO_PORTE_DIR_R
   48 00000010 6801            LDR              R1, [R0]
   49 00000012 F041 010E       ORR              R1, #0x0E
   50 00000016 6001            STR              R1, [R0]
   51 00000018         ;Turn off alt funct
   52 00000018 481C            LDR              R0, =GPIO_PORTE_AFSEL_R
   53 0000001A 6801            LDR              R1, [R0]
   54 0000001C F001 01F0       AND              R1, #0xF0
   55 00000020 6001            STR              R1, [R0]
   56 00000022         ;Turn on Digital Enable
   57 00000022 481B            LDR              R0, =GPIO_PORTE_DEN_R
   58 00000024 6801            LDR              R1, [R0]
   59 00000026 F041 010F       ORR              R1, #0x0F
   60 0000002A 6001            STR              R1, [R0]
   61 0000002C         ;Turn PE1 on
   62 0000002C 4819            LDR              R0, =GPIO_PORTE_DATA_R
   63 0000002E         ;  LDR  R1, [R0]
   64 0000002E         ;  ORR  R1, #0x02
   65 0000002E         ;  STR  R1, [R0]
   66 0000002E         ;Set Delay Length
   67 0000002E 4C1A            LDR              R4, =DELAYTIME
   68 00000030         LOOP
   69 00000030 F000 F820       BL               DELAY       ;Wait 1/16th sec
   70 00000034 6801            LDR              R1, [R0]    ;Update the switch
   71 00000036 F001 0201       AND              R2, R1, #0x01 ;Isolate switch
   72 0000003A 2A00            CMP              R2, #0
   73 0000003C D00A            BEQ              SWOFF
   74 0000003E F001 030E       AND              R3, R1, #0x0E
   75 00000042 2B00            CMP              R3, #0
   76 00000044 D00A            BEQ              RED
   77 00000046 2B02            CMP              R3, #0x02
   78 00000048 D00C            BEQ              YELLOW
   79 0000004A 2B04            CMP              R3, #0x04
   80 0000004C D00E            BEQ              GREEN
   81 0000004E 2B08            CMP              R3, #0x08
   82 00000050 D004            BEQ              RED
   83 00000052 E7ED            B                LOOP
   84 00000054 F04F 0100 
                       SWOFF   MOV              R1, #0x00
   85 00000058 6001            STR              R1, [R0]
   86 0000005A E7E9            B                LOOP
   87 0000005C F04F 0102 
                       RED     MOV              R1, #0x02
   88 00000060 6001            STR              R1, [R0]
   89 00000062 E7E5            B                LOOP
   90 00000064 F04F 0104 
                       YELLOW  MOV              R1, #0x04
   91 00000068 6001            STR              R1,[R0]



ARM Macro Assembler    Page 3 


   92 0000006A E7E1            B                LOOP
   93 0000006C F04F 0108 
                       GREEN   MOV              R1, #0x08
   94 00000070 6001            STR              R1, [R0]
   95 00000072 E7DD            B                LOOP
   96 00000074         
   97 00000074         ;; Delay subroutine here
   98 00000074 2C00    DELAY   CMP              R4, #0
   99 00000076 D002            BEQ              DONE
  100 00000078 F1A4 0401       SUB              R4, #1
  101 0000007C E7FA            B                DELAY
  102 0000007E 4C06    DONE    LDR              R4, =DELAYTIME ;Reset delay cou
                                                            nter
  103 00000080 4770            BX               LR
  104 00000082         
  105 00000082 00 00           ALIGN                        ; make sure the end
                                                             of this section is
                                                             aligned
  106 00000084                 END                          ; end of file
              400FE108 
              40024400 
              40024420 
              4002451C 
              400243FC 
              0005867C 
Command Line: --debug --xref --cpu=Cortex-M4 --apcs=interwork --depend=.\lab2.d
 -o.\lab2.o -IC:\Keil\ARM\RV31\INC -IC:\Keil\ARM\CMSIS\Include -IC:\Keil\ARM\In
c\Luminary --predefine="__EVAL SETA 1" --list=.\lab2.lst Lab2.s



ARM Macro Assembler    Page 1 Alphabetic symbol ordering
Relocatable symbols

.text 00000000

Symbol: .text
   Definitions
      At line 34 in file Lab2.s
   Uses
      None
Comment: .text unused
DELAY 00000074

Symbol: DELAY
   Definitions
      At line 98 in file Lab2.s
   Uses
      At line 69 in file Lab2.s
      At line 101 in file Lab2.s

DONE 0000007E

Symbol: DONE
   Definitions
      At line 102 in file Lab2.s
   Uses
      At line 99 in file Lab2.s
Comment: DONE used once
GREEN 0000006C

Symbol: GREEN
   Definitions
      At line 93 in file Lab2.s
   Uses
      At line 80 in file Lab2.s
Comment: GREEN used once
LOOP 00000030

Symbol: LOOP
   Definitions
      At line 68 in file Lab2.s
   Uses
      At line 83 in file Lab2.s
      At line 86 in file Lab2.s
      At line 89 in file Lab2.s
      At line 92 in file Lab2.s
      At line 95 in file Lab2.s

RED 0000005C

Symbol: RED
   Definitions
      At line 87 in file Lab2.s
   Uses
      At line 76 in file Lab2.s
      At line 82 in file Lab2.s

SWOFF 00000054

Symbol: SWOFF
   Definitions
      At line 84 in file Lab2.s



ARM Macro Assembler    Page 2 Alphabetic symbol ordering
Relocatable symbols

   Uses
      At line 73 in file Lab2.s
Comment: SWOFF used once
Start 00000000

Symbol: Start
   Definitions
      At line 38 in file Lab2.s
   Uses
      At line 36 in file Lab2.s
Comment: Start used once
YELLOW 00000064

Symbol: YELLOW
   Definitions
      At line 90 in file Lab2.s
   Uses
      At line 78 in file Lab2.s
Comment: YELLOW used once
9 symbols



ARM Macro Assembler    Page 1 Alphabetic symbol ordering
Absolute symbols

DELAYTIME 0005867C

Symbol: DELAYTIME
   Definitions
      At line 32 in file Lab2.s
   Uses
      At line 67 in file Lab2.s
      At line 102 in file Lab2.s

GPIO_PORTE_AFSEL_R 40024420

Symbol: GPIO_PORTE_AFSEL_R
   Definitions
      At line 27 in file Lab2.s
   Uses
      At line 52 in file Lab2.s
Comment: GPIO_PORTE_AFSEL_R used once
GPIO_PORTE_AMSEL_R 40024528

Symbol: GPIO_PORTE_AMSEL_R
   Definitions
      At line 29 in file Lab2.s
   Uses
      None
Comment: GPIO_PORTE_AMSEL_R unused
GPIO_PORTE_DATA_R 400243FC

Symbol: GPIO_PORTE_DATA_R
   Definitions
      At line 25 in file Lab2.s
   Uses
      At line 62 in file Lab2.s
Comment: GPIO_PORTE_DATA_R used once
GPIO_PORTE_DEN_R 4002451C

Symbol: GPIO_PORTE_DEN_R
   Definitions
      At line 28 in file Lab2.s
   Uses
      At line 57 in file Lab2.s
Comment: GPIO_PORTE_DEN_R used once
GPIO_PORTE_DIR_R 40024400

Symbol: GPIO_PORTE_DIR_R
   Definitions
      At line 26 in file Lab2.s
   Uses
      At line 47 in file Lab2.s
Comment: GPIO_PORTE_DIR_R used once
GPIO_PORTE_PCTL_R 4002452C

Symbol: GPIO_PORTE_PCTL_R
   Definitions
      At line 30 in file Lab2.s
   Uses
      None
Comment: GPIO_PORTE_PCTL_R unused
SYSCTL_RCGC2_R 400FE108




ARM Macro Assembler    Page 2 Alphabetic symbol ordering
Absolute symbols

Symbol: SYSCTL_RCGC2_R
   Definitions
      At line 31 in file Lab2.s
   Uses
      At line 39 in file Lab2.s
Comment: SYSCTL_RCGC2_R used once
8 symbols
350 symbols in table
